<?xml version="1.0" encoding="UTF-8"?>
<!-- Generated by org.testng.reporters.JUnitXMLReporter -->
<testsuite hostname="rajkumar-pc" name="validating title" tests="1" failures="1" timestamp="14 Apr 2018 10:53:10 GMT" time="12.133" errors="0">
  <testcase name="titlevalidation" time="0.066" classname="academy.ValidateTitle">
    <failure type="java.lang.AssertionError" message="expected [FEATURED COURSES123] but found [FEATURED COURSES]">
      <![CDATA[java.lang.AssertionError: expected [FEATURED COURSES123] but found [FEATURED COURSES]
	at academy.ValidateTitle.titlevalidation(ValidateTitle.java:35)
... Removed 29 stack frames]]>
    </failure>
  </testcase> <!-- titlevalidation -->
</testsuite> <!-- validating title -->
