-------------------------------------------------------------------------------
Test set: TestSuite
-------------------------------------------------------------------------------
Tests run: 4, Failures: 1, Errors: 0, Skipped: 0, Time elapsed: 66.874 s <<< FAILURE! - in TestSuite
titlevalidation(academy.ValidateTitle)  Time elapsed: 0.043 s  <<< FAILURE!
java.lang.AssertionError: expected [FEATURED COURSES123] but found [FEATURED COURSES]
	at academy.ValidateTitle.titlevalidation(ValidateTitle.java:35)

